<?xml version="1.0" encoding="UTF-8"?>
<testsuite name="Cenario: Login com usuario ou senha errado" tests="5" skipped="2" failures="0" errors="0" timestamp="2019-12-16T22:22:36" hostname="INOTE156" time="0.096">
  <properties/>
  <testcase name="Dado que um usuario entre com o user &quot;admin2&quot;" classname="Cenario: Login com usuario ou senha errado" time="0.0"/>
  <testcase name="E a senha &quot;1223&quot;" classname="Cenario: Login com usuario ou senha errado" time="0.0"/>
  <testcase name="Quando clicar no botão login" classname="Cenario: Login com usuario ou senha errado" time="0.001">
    <skipped/>
  </testcase>
  <testcase name="Entao deve ocorrer o um erro de acesso" classname="Cenario: Login com usuario ou senha errado" time="0.0">
    <skipped/>
  </testcase>
  <testcase name="classMethod" classname="Cenario: Login com usuario ou senha errado" time="0.541"/>
  <system-out><![CDATA[
  @teste1
  Cenario: Login no site                         ?[90m# login.feature:7?[0m
    ?[32mDado ?[0m?[32mque um usuario entre com o user "?[0m?[32m?[1madmin?[0m?[32m"?[0m ?[90m# LoginSteps.queUmUsuarioEntreComOUser(String)?[0m
    ?[32mE ?[0m?[32ma senha "?[0m?[32m?[1madmin?[0m?[32m"?[0m                            ?[90m# LoginSteps.aSenha(String)?[0m
    ?[33mQuando ?[0m?[33mclicar no botão login?[0m
    ?[36mEntao ?[0m?[36mdeve ocorrer o login com sucesso?[0m       ?[90m# LoginSteps.deveOcorrerOLoginComSucesso()?[0m
]]></system-out>
  <system-err><![CDATA[]]></system-err>
</testsuite>
