<?xml version="1.0" encoding="UTF-8"?>
<testsuite name="runners.ChromeTest" tests="0" skipped="0" failures="0" errors="0" timestamp="1970-01-01T00:00:00" hostname="INOTE156" time="0.0">
  <properties/>
  <system-out><![CDATA[# encoding: utf-8
# language: pt
Funcionalidade: Login

  @teste2
  Cenario: Login com usuario ou senha errado      ?[90m# login.feature:16?[0m
    ?[32mDado ?[0m?[32mque um usuario entre com o user "?[0m?[32m?[1madmin2?[0m?[32m"?[0m ?[90m# LoginSteps.queUmUsuarioEntreComOUser(String)?[0m
    ?[32mE ?[0m?[32ma senha "?[0m?[32m?[1m1223?[0m?[32m"?[0m                              ?[90m# LoginSteps.aSenha(String)?[0m
    ?[33mQuando ?[0m?[33mclicar no botão login?[0m
    ?[36mEntao ?[0m?[36mdeve ocorrer o um erro de acesso?[0m        ?[90m# LoginSteps.deveOcorrerOUmErroDeAcesso()?[0m

2 Scenarios (?[33m2 undefined?[0m)
8 Steps (?[36m2 skipped?[0m, ?[33m2 undefined?[0m, ?[32m4 passed?[0m)
0m1.232s


You can implement missing steps with the snippets below:

@Quando("^clicar no botão login$")
public void clicar_no_botão_login() throws Throwable {
    // Write code here that turns the phrase above into concrete actions
    throw new PendingException();
}

]]></system-out>
  <system-err><![CDATA[Starting ChromeDriver 79.0.3945.36 (3582db32b33893869b8c1339e8f4d9ed1816f143-refs/branch-heads/3945@{#614}) on port 36332
Only local connections are allowed.
Please protect ports used by ChromeDriver and related test frameworks to prevent access by malicious code.
[1576534950.101][WARNING]: Timed out connecting to Chrome, retrying...
]]></system-err>
</testsuite>
